Compiling the CXX compiler identification source file "CMakeCXXCompilerId.cpp" failed.
Compiler: /usr/bin/gcc 
Build flags: 
Id flags: 

The output was:
1
gcc: error trying to exec 'cc1plus': execvp: No such file or directory


Compiling the CXX compiler identification source file "CMakeCXXCompilerId.cpp" failed.
Compiler: /usr/bin/gcc 
Build flags: 
Id flags: -c

The output was:
1
gcc: error trying to exec 'cc1plus': execvp: No such file or directory


Checking whether the CXX compiler is IAR using "" did not match "IAR .+ Compiler":
gcc: fatal error: no input files
compilation terminated.
Determining if the CXX compiler works failed with the following output:
Change Dir: /home/aevans/ClionProjects/denver-os-pa-c/CMakeFiles/CMakeTmp

Run Build Command:"/usr/bin/gmake" "cmTC_1f001/fast"
/usr/bin/gmake -f CMakeFiles/cmTC_1f001.dir/build.make CMakeFiles/cmTC_1f001.dir/build
gmake[1]: Entering directory '/home/aevans/ClionProjects/denver-os-pa-c/CMakeFiles/CMakeTmp'
Building CXX object CMakeFiles/cmTC_1f001.dir/testCXXCompiler.cxx.o
/usr/bin/gcc      -o CMakeFiles/cmTC_1f001.dir/testCXXCompiler.cxx.o -c /home/aevans/ClionProjects/denver-os-pa-c/CMakeFiles/CMakeTmp/testCXXCompiler.cxx
gcc: error trying to exec 'cc1plus': execvp: No such file or directory
CMakeFiles/cmTC_1f001.dir/build.make:65: recipe for target 'CMakeFiles/cmTC_1f001.dir/testCXXCompiler.cxx.o' failed
gmake[1]: *** [CMakeFiles/cmTC_1f001.dir/testCXXCompiler.cxx.o] Error 1
gmake[1]: Leaving directory '/home/aevans/ClionProjects/denver-os-pa-c/CMakeFiles/CMakeTmp'
Makefile:126: recipe for target 'cmTC_1f001/fast' failed
gmake: *** [cmTC_1f001/fast] Error 2


Compiling the CXX compiler identification source file "CMakeCXXCompilerId.cpp" failed.
Compiler: g++ 
Build flags: 
Id flags: 

The output was:
No such file or directory


Compiling the CXX compiler identification source file "CMakeCXXCompilerId.cpp" failed.
Compiler: g++ 
Build flags: 
Id flags: -c

The output was:
No such file or directory


Checking whether the CXX compiler is IAR using "" did not match "IAR .+ Compiler":
Compiling the CXX compiler identification source file "CMakeCXXCompilerId.cpp" failed.
Compiler: g++ 
Build flags: 
Id flags: 

The output was:
No such file or directory


Compiling the CXX compiler identification source file "CMakeCXXCompilerId.cpp" failed.
Compiler: g++ 
Build flags: 
Id flags: -c

The output was:
No such file or directory


Checking whether the CXX compiler is IAR using "" did not match "IAR .+ Compiler":
Compiling the CXX compiler identification source file "CMakeCXXCompilerId.cpp" failed.
Compiler: g++ 
Build flags: 
Id flags: 

The output was:
No such file or directory


Compiling the CXX compiler identification source file "CMakeCXXCompilerId.cpp" failed.
Compiler: g++ 
Build flags: 
Id flags: -c

The output was:
No such file or directory


Checking whether the CXX compiler is IAR using "" did not match "IAR .+ Compiler":
Compiling the CXX compiler identification source file "CMakeCXXCompilerId.cpp" failed.
Compiler: /usr/bin/gcc 
Build flags: 
Id flags: 

The output was:
1
gcc: error trying to exec 'cc1plus': execvp: No such file or directory


Compiling the CXX compiler identification source file "CMakeCXXCompilerId.cpp" failed.
Compiler: /usr/bin/gcc 
Build flags: 
Id flags: -c

The output was:
1
gcc: error trying to exec 'cc1plus': execvp: No such file or directory


Checking whether the CXX compiler is IAR using "" did not match "IAR .+ Compiler":
gcc: fatal error: no input files
compilation terminated.
Determining if the CXX compiler works failed with the following output:
Change Dir: /home/aevans/ClionProjects/denver-os-pa-c/CMakeFiles/CMakeTmp

Run Build Command:"/usr/bin/gmake" "cmTC_f44da/fast"
/usr/bin/gmake -f CMakeFiles/cmTC_f44da.dir/build.make CMakeFiles/cmTC_f44da.dir/build
gmake[1]: Entering directory '/home/aevans/ClionProjects/denver-os-pa-c/CMakeFiles/CMakeTmp'
Building CXX object CMakeFiles/cmTC_f44da.dir/testCXXCompiler.cxx.o
/usr/bin/gcc      -o CMakeFiles/cmTC_f44da.dir/testCXXCompiler.cxx.o -c /home/aevans/ClionProjects/denver-os-pa-c/CMakeFiles/CMakeTmp/testCXXCompiler.cxx
gcc: error trying to exec 'cc1plus': execvp: No such file or directory
CMakeFiles/cmTC_f44da.dir/build.make:65: recipe for target 'CMakeFiles/cmTC_f44da.dir/testCXXCompiler.cxx.o' failed
gmake[1]: Leaving directory '/home/aevans/ClionProjects/denver-os-pa-c/CMakeFiles/CMakeTmp'
gmake[1]: *** [CMakeFiles/cmTC_f44da.dir/testCXXCompiler.cxx.o] Error 1
Makefile:126: recipe for target 'cmTC_f44da/fast' failed
gmake: *** [cmTC_f44da/fast] Error 2


Checking whether the CXX compiler is IAR using "" did not match "IAR .+ Compiler":
gcc: fatal error: no input files
compilation terminated.
Determining if the CXX compiler works failed with the following output:
Change Dir: /home/aevans/ClionProjects/denver-os-pa-c/CMakeFiles/CMakeTmp

Run Build Command:"/usr/bin/gmake" "cmTC_672b4/fast"
/usr/bin/gmake -f CMakeFiles/cmTC_672b4.dir/build.make CMakeFiles/cmTC_672b4.dir/build
gmake[1]: Entering directory '/home/aevans/ClionProjects/denver-os-pa-c/CMakeFiles/CMakeTmp'
Building CXX object CMakeFiles/cmTC_672b4.dir/testCXXCompiler.cxx.o
/usr/bin/gcc      -o CMakeFiles/cmTC_672b4.dir/testCXXCompiler.cxx.o -c /home/aevans/ClionProjects/denver-os-pa-c/CMakeFiles/CMakeTmp/testCXXCompiler.cxx
gcc: error trying to exec 'cc1plus': execvp: No such file or directory
CMakeFiles/cmTC_672b4.dir/build.make:65: recipe for target 'CMakeFiles/cmTC_672b4.dir/testCXXCompiler.cxx.o' failed
gmake[1]: *** [CMakeFiles/cmTC_672b4.dir/testCXXCompiler.cxx.o] Error 1
gmake[1]: Leaving directory '/home/aevans/ClionProjects/denver-os-pa-c/CMakeFiles/CMakeTmp'
Makefile:126: recipe for target 'cmTC_672b4/fast' failed
gmake: *** [cmTC_672b4/fast] Error 2


